<?xml version="1.0" encoding="UTF-8"?>
<!-- Generated by org.testng.reporters.JUnitReportReporter -->
<testsuite skipped="0" hostname="Lenovo-Home" name="runner.cucumberRunner2" tests="1" failures="0" timestamp="04 Feb 2025 05:14:02 GMT" time="8.161" errors="0">
  <testcase name="runScenario" time="8.161" classname="runner.cucumberRunner2"/>
</testsuite> <!-- runner.cucumberRunner2 -->
