<?xml version="1.0" encoding="UTF-8"?>
<!-- Generated by org.testng.reporters.JUnitReportReporter -->
<testsuite skipped="0" hostname="Lenovo-Home" name="runner.cucumberRunner" tests="1" failures="0" timestamp="15 Mar 2025 18:05:43 GMT" time="6.499" errors="0">
  <testcase name="runScenario1" time="6.499" classname="runner.cucumberRunner"/>
</testsuite> <!-- runner.cucumberRunner -->
