<?xml version="1.0" encoding="UTF-8"?>
<!-- Generated by org.testng.reporters.JUnitReportReporter -->
<testsuite skipped="0" hostname="Lenovo-Home" name="runner.cucumberRunner" tests="3" failures="0" timestamp="06 May 2024 18:51:55 GMT" time="31.263" errors="0">
  <testcase name="runScenario" time="9.450" classname="runner.cucumberRunner"/>
  <testcase name="runScenario" time="12.161" classname="runner.cucumberRunner"/>
  <testcase name="runScenario" time="9.652" classname="runner.cucumberRunner"/>
</testsuite> <!-- runner.cucumberRunner -->
